[debug] [2023-08-18T21:01:45.115Z] ----------------------------------------------------------------------
[debug] [2023-08-18T21:01:45.117Z] Command:       C:\Program Files\nodejs\node.exe C:\Users\aas_8\AppData\Roaming\npm\node_modules\firebase-tools\lib\bin\firebase.js init
[debug] [2023-08-18T21:01:45.117Z] CLI Version:   12.4.8
[debug] [2023-08-18T21:01:45.117Z] Platform:      win32
[debug] [2023-08-18T21:01:45.117Z] Node Version:  v18.17.0
[debug] [2023-08-18T21:01:45.118Z] Time:          Fri Aug 18 2023 16:01:45 GMT-0500 (Central Daylight Time)
[debug] [2023-08-18T21:01:45.118Z] ----------------------------------------------------------------------
[debug] 
[debug] [2023-08-18T21:01:45.121Z] >>> [apiv2][query] GET https://firebase-public.firebaseio.com/cli.json [none]
[debug] [2023-08-18T21:01:45.162Z] > command requires scopes: ["email","openid","https://www.googleapis.com/auth/cloudplatformprojects.readonly","https://www.googleapis.com/auth/firebase","https://www.googleapis.com/auth/cloud-platform"]
[debug] [2023-08-18T21:01:45.162Z] > authorizing via signed-in user (legends.book@gmail.com)
[info] 
     ######## #### ########  ######## ########     ###     ######  ########
     ##        ##  ##     ## ##       ##     ##  ##   ##  ##       ##
     ######    ##  ########  ######   ########  #########  ######  ######
     ##        ##  ##    ##  ##       ##     ## ##     ##       ## ##
     ##       #### ##     ## ######## ########  ##     ##  ######  ########

You're about to initialize a Firebase project in this directory:

  C:\Users\aas_8\Desktop\setting-up-an-express-data-abstraction-layer-dal-with-mongodb_starter

[debug] [2023-08-18T21:01:45.335Z] <<< [apiv2][status] GET https://firebase-public.firebaseio.com/cli.json 200
[debug] [2023-08-18T21:01:45.336Z] <<< [apiv2][body] GET https://firebase-public.firebaseio.com/cli.json {"cloudBuildErrorAfter":1594252800000,"cloudBuildWarnAfter":1590019200000,"defaultNode10After":1594252800000,"minVersion":"3.0.5","node8DeploysDisabledAfter":1613390400000,"node8RuntimeDisabledAfter":1615809600000,"node8WarnAfter":1600128000000}
[info] 
=== Project Setup
[info] 
[info] First, let's associate this project directory with a Firebase project.
[info] You can create multiple project aliases by running firebase use --add, 
[info] but for now we'll just set up a default project.
[info] 
[debug] [2023-08-18T21:02:15.523Z] > refreshing access token with scopes: []
[debug] [2023-08-18T21:02:15.524Z] >>> [apiv2][query] POST https://www.googleapis.com/oauth2/v3/token [none]
[debug] [2023-08-18T21:02:15.524Z] >>> [apiv2][body] POST https://www.googleapis.com/oauth2/v3/token [omitted]
[debug] [2023-08-18T21:02:15.734Z] <<< [apiv2][status] POST https://www.googleapis.com/oauth2/v3/token 200
[debug] [2023-08-18T21:02:15.735Z] <<< [apiv2][body] POST https://www.googleapis.com/oauth2/v3/token [omitted]
[debug] [2023-08-18T21:02:15.753Z] >>> [apiv2][query] GET https://firebase.googleapis.com/v1beta1/projects pageSize=100
[debug] [2023-08-18T21:02:17.199Z] <<< [apiv2][status] GET https://firebase.googleapis.com/v1beta1/projects 200
[debug] [2023-08-18T21:02:17.199Z] <<< [apiv2][body] GET https://firebase.googleapis.com/v1beta1/projects [omitted]
[info] i  Using project badbank-auth0 (Badbank) 
[info] 
=== Database Setup
[info] i  database: ensuring required API firebasedatabase.googleapis.com is enabled... 
[debug] [2023-08-18T21:02:26.631Z] >>> [apiv2][query] GET https://serviceusage.googleapis.com/v1/projects/badbank-auth0/services/firebasedatabase.googleapis.com [none]
[debug] [2023-08-18T21:02:26.633Z] >>> [apiv2][(partial)header] GET https://serviceusage.googleapis.com/v1/projects/badbank-auth0/services/firebasedatabase.googleapis.com x-goog-quota-user=projects/badbank-auth0
[debug] [2023-08-18T21:02:27.131Z] <<< [apiv2][status] GET https://serviceusage.googleapis.com/v1/projects/badbank-auth0/services/firebasedatabase.googleapis.com 200
[debug] [2023-08-18T21:02:27.131Z] <<< [apiv2][body] GET https://serviceusage.googleapis.com/v1/projects/badbank-auth0/services/firebasedatabase.googleapis.com [omitted]
[info] +  database: required API firebasedatabase.googleapis.com is enabled 
[info] 
[debug] [2023-08-18T21:02:27.134Z] >>> [apiv2][query] GET https://firebasedatabase.googleapis.com/v1beta/projects/badbank-auth0/locations/-/instances/badbank-auth0-default-rtdb [none]
[debug] [2023-08-18T21:02:27.509Z] <<< [apiv2][status] GET https://firebasedatabase.googleapis.com/v1beta/projects/badbank-auth0/locations/-/instances/badbank-auth0-default-rtdb 200
[debug] [2023-08-18T21:02:27.509Z] <<< [apiv2][body] GET https://firebasedatabase.googleapis.com/v1beta/projects/badbank-auth0/locations/-/instances/badbank-auth0-default-rtdb {"name":"projects/270228758998/locations/us-central1/instances/badbank-auth0-default-rtdb","project":"projects/270228758998","databaseUrl":"https://badbank-auth0-default-rtdb.firebaseio.com","type":"DEFAULT_DATABASE","state":"ACTIVE"}
[info] 
[info] Firebase Realtime Database Security Rules allow you to define how your data should be
[info] structured and when your data can be read from and written to.
[info] 
[debug] [2023-08-18T21:02:38.791Z] >>> [apiv2][query] GET https://badbank-auth0-default-rtdb.firebaseio.com/.settings/rules.json [none]
[debug] [2023-08-18T21:02:39.038Z] <<< [apiv2][status] GET https://badbank-auth0-default-rtdb.firebaseio.com/.settings/rules.json 200
[debug] [2023-08-18T21:02:39.038Z] <<< [apiv2][body] GET https://badbank-auth0-default-rtdb.firebaseio.com/.settings/rules.json [stream]
[info] +  Database Rules for badbank-auth0-default-rtdb have been written to database.rules.json. 
[info] Future modifications to database.rules.json will update Realtime Database Security Rules when you run
[info] firebase deploy.
[info] 
=== Firestore Setup
[debug] [2023-08-18T21:02:39.045Z] >>> [apiv2][query] GET https://serviceusage.googleapis.com/v1/projects/badbank-auth0/services/firestore.googleapis.com [none]
[debug] [2023-08-18T21:02:39.045Z] >>> [apiv2][(partial)header] GET https://serviceusage.googleapis.com/v1/projects/badbank-auth0/services/firestore.googleapis.com x-goog-quota-user=projects/badbank-auth0
[debug] [2023-08-18T21:02:39.419Z] <<< [apiv2][status] GET https://serviceusage.googleapis.com/v1/projects/badbank-auth0/services/firestore.googleapis.com 200
[debug] [2023-08-18T21:02:39.419Z] <<< [apiv2][body] GET https://serviceusage.googleapis.com/v1/projects/badbank-auth0/services/firestore.googleapis.com [omitted]
[debug] [2023-08-18T21:02:39.419Z] >>> [apiv2][query] GET https://firestore.googleapis.com/v1/projects/badbank-auth0/databases/(default) [none]
[debug] [2023-08-18T21:02:39.938Z] <<< [apiv2][status] GET https://firestore.googleapis.com/v1/projects/badbank-auth0/databases/(default) 200
[debug] [2023-08-18T21:02:39.938Z] <<< [apiv2][body] GET https://firestore.googleapis.com/v1/projects/badbank-auth0/databases/(default) {"name":"projects/badbank-auth0/databases/(default)","uid":"a6b8612e-7892-4f54-a784-d4c7ddee782c","createTime":"2023-08-18T13:37:35.797063Z","updateTime":"2023-08-18T13:37:35.797063Z","locationId":"nam5","type":"FIRESTORE_NATIVE","concurrencyMode":"PESSIMISTIC","versionRetentionPeriod":"3600s","earliestVersionTime":"2023-08-18T20:02:40.526558Z","appEngineIntegrationMode":"DISABLED","keyPrefix":"s","pointInTimeRecoveryEnablement":"POINT_IN_TIME_RECOVERY_DISABLED","deleteProtectionState":"DELETE_PROTECTION_DISABLED","etag":"ILKDkMuN54ADMMfeqI2q5oAD"}
[debug] [2023-08-18T21:02:39.938Z] database_type: FIRESTORE_NATIVE
[debug] [2023-08-18T21:02:39.938Z] > command requires scopes: ["email","openid","https://www.googleapis.com/auth/cloudplatformprojects.readonly","https://www.googleapis.com/auth/firebase","https://www.googleapis.com/auth/cloud-platform"]
[debug] [2023-08-18T21:02:39.939Z] > authorizing via signed-in user (legends.book@gmail.com)
[debug] [2023-08-18T21:02:39.939Z] [iam] checking project badbank-auth0 for permissions ["firebase.projects.get"]
[debug] [2023-08-18T21:02:39.940Z] >>> [apiv2][query] POST https://cloudresourcemanager.googleapis.com/v1/projects/badbank-auth0:testIamPermissions [none]
[debug] [2023-08-18T21:02:39.940Z] >>> [apiv2][(partial)header] POST https://cloudresourcemanager.googleapis.com/v1/projects/badbank-auth0:testIamPermissions x-goog-quota-user=projects/badbank-auth0
[debug] [2023-08-18T21:02:39.940Z] >>> [apiv2][body] POST https://cloudresourcemanager.googleapis.com/v1/projects/badbank-auth0:testIamPermissions {"permissions":["firebase.projects.get"]}
[debug] [2023-08-18T21:02:40.341Z] <<< [apiv2][status] POST https://cloudresourcemanager.googleapis.com/v1/projects/badbank-auth0:testIamPermissions 200
[debug] [2023-08-18T21:02:40.341Z] <<< [apiv2][body] POST https://cloudresourcemanager.googleapis.com/v1/projects/badbank-auth0:testIamPermissions {"permissions":["firebase.projects.get"]}
[info] 
[info] Firestore Security Rules allow you to define how and when to allow
[info] requests. You can keep these rules in your project directory
[info] and publish them with firebase deploy.
[info] 
[debug] [2023-08-18T21:02:43.047Z] >>> [apiv2][query] GET https://firebaserules.googleapis.com/v1/projects/badbank-auth0/releases pageSize=10&pageToken=
[debug] [2023-08-18T21:02:43.413Z] <<< [apiv2][status] GET https://firebaserules.googleapis.com/v1/projects/badbank-auth0/releases 200
[debug] [2023-08-18T21:02:43.413Z] <<< [apiv2][body] GET https://firebaserules.googleapis.com/v1/projects/badbank-auth0/releases {"releases":[{"name":"projects/badbank-auth0/releases/cloud.firestore","rulesetName":"projects/badbank-auth0/rulesets/7a630bd7-ba6e-4a7b-8eff-c88b05d23234","createTime":"2023-08-18T13:37:39.798899Z","updateTime":"2023-08-18T13:37:39.798899Z"},{"name":"projects/badbank-auth0/releases/firebase.storage/badbank-auth0.appspot.com","rulesetName":"projects/badbank-auth0/rulesets/425e7b8a-2da3-4095-86fd-da858121c466","createTime":"2023-08-18T13:38:31.621241Z","updateTime":"2023-08-18T13:38:31.621241Z"}]}
[debug] [2023-08-18T21:02:43.413Z] Found ruleset: projects/badbank-auth0/rulesets/7a630bd7-ba6e-4a7b-8eff-c88b05d23234
[debug] [2023-08-18T21:02:43.414Z] >>> [apiv2][query] GET https://firebaserules.googleapis.com/v1/projects/badbank-auth0/rulesets/7a630bd7-ba6e-4a7b-8eff-c88b05d23234 [none]
[debug] [2023-08-18T21:02:43.666Z] <<< [apiv2][status] GET https://firebaserules.googleapis.com/v1/projects/badbank-auth0/rulesets/7a630bd7-ba6e-4a7b-8eff-c88b05d23234 200
[debug] [2023-08-18T21:02:43.667Z] <<< [apiv2][body] GET https://firebaserules.googleapis.com/v1/projects/badbank-auth0/rulesets/7a630bd7-ba6e-4a7b-8eff-c88b05d23234 [omitted]
[info] 
[info] Firestore indexes allow you to perform complex queries while
[info] maintaining performance that scales with the size of the result
[info] set. You can keep index definitions in your project directory
[info] and publish them with firebase deploy.
[info] 
[debug] [2023-08-18T21:02:46.130Z] >>> [apiv2][query] GET https://firestore.googleapis.com/v1/projects/badbank-auth0/databases/(default)/collectionGroups/-/indexes [none]
[debug] [2023-08-18T21:02:46.132Z] >>> [apiv2][query] GET https://firestore.googleapis.com/v1/projects/badbank-auth0/databases/(default)/collectionGroups/-/fields?filter=indexConfig.usesAncestorConfig=false OR ttlConfig:* [none]
[debug] [2023-08-18T21:02:46.414Z] <<< [apiv2][status] GET https://firestore.googleapis.com/v1/projects/badbank-auth0/databases/(default)/collectionGroups/-/indexes 200
[debug] [2023-08-18T21:02:46.415Z] <<< [apiv2][body] GET https://firestore.googleapis.com/v1/projects/badbank-auth0/databases/(default)/collectionGroups/-/indexes {}
[debug] [2023-08-18T21:02:46.897Z] <<< [apiv2][status] GET https://firestore.googleapis.com/v1/projects/badbank-auth0/databases/(default)/collectionGroups/-/fields?filter=indexConfig.usesAncestorConfig=false OR ttlConfig:* 200
[debug] [2023-08-18T21:02:46.897Z] <<< [apiv2][body] GET https://firestore.googleapis.com/v1/projects/badbank-auth0/databases/(default)/collectionGroups/-/fields?filter=indexConfig.usesAncestorConfig=false OR ttlConfig:* {"fields":[{"name":"projects/badbank-auth0/databases/(default)/collectionGroups/__default__/fields/*","indexConfig":{"indexes":[{"queryScope":"COLLECTION","fields":[{"fieldPath":"*","order":"ASCENDING"}],"state":"READY"},{"queryScope":"COLLECTION","fields":[{"fieldPath":"*","order":"DESCENDING"}],"state":"READY"},{"queryScope":"COLLECTION","fields":[{"fieldPath":"*","arrayConfig":"CONTAINS"}],"state":"READY"}]}}]}
[info] 
=== Functions Setup
[debug] [2023-08-18T21:02:46.901Z] > command requires scopes: ["email","openid","https://www.googleapis.com/auth/cloudplatformprojects.readonly","https://www.googleapis.com/auth/firebase","https://www.googleapis.com/auth/cloud-platform"]
[debug] [2023-08-18T21:02:46.901Z] > authorizing via signed-in user (legends.book@gmail.com)
[debug] [2023-08-18T21:02:46.901Z] [iam] checking project badbank-auth0 for permissions ["firebase.projects.get"]
[debug] [2023-08-18T21:02:46.901Z] >>> [apiv2][query] POST https://cloudresourcemanager.googleapis.com/v1/projects/badbank-auth0:testIamPermissions [none]
[debug] [2023-08-18T21:02:46.901Z] >>> [apiv2][(partial)header] POST https://cloudresourcemanager.googleapis.com/v1/projects/badbank-auth0:testIamPermissions x-goog-quota-user=projects/badbank-auth0
[debug] [2023-08-18T21:02:46.901Z] >>> [apiv2][body] POST https://cloudresourcemanager.googleapis.com/v1/projects/badbank-auth0:testIamPermissions {"permissions":["firebase.projects.get"]}
[debug] [2023-08-18T21:02:47.191Z] <<< [apiv2][status] POST https://cloudresourcemanager.googleapis.com/v1/projects/badbank-auth0:testIamPermissions 200
[debug] [2023-08-18T21:02:47.191Z] <<< [apiv2][body] POST https://cloudresourcemanager.googleapis.com/v1/projects/badbank-auth0:testIamPermissions {"permissions":["firebase.projects.get"]}
[debug] [2023-08-18T21:02:47.192Z] >>> [apiv2][query] GET https://serviceusage.googleapis.com/v1/projects/badbank-auth0/services/cloudfunctions.googleapis.com [none]
[debug] [2023-08-18T21:02:47.192Z] >>> [apiv2][(partial)header] GET https://serviceusage.googleapis.com/v1/projects/badbank-auth0/services/cloudfunctions.googleapis.com x-goog-quota-user=projects/badbank-auth0
[debug] [2023-08-18T21:02:47.193Z] >>> [apiv2][query] GET https://serviceusage.googleapis.com/v1/projects/badbank-auth0/services/runtimeconfig.googleapis.com [none]
[debug] [2023-08-18T21:02:47.193Z] >>> [apiv2][(partial)header] GET https://serviceusage.googleapis.com/v1/projects/badbank-auth0/services/runtimeconfig.googleapis.com x-goog-quota-user=projects/badbank-auth0
[debug] [2023-08-18T21:02:47.507Z] <<< [apiv2][status] GET https://serviceusage.googleapis.com/v1/projects/badbank-auth0/services/runtimeconfig.googleapis.com 200
[debug] [2023-08-18T21:02:47.507Z] <<< [apiv2][body] GET https://serviceusage.googleapis.com/v1/projects/badbank-auth0/services/runtimeconfig.googleapis.com [omitted]
[debug] [2023-08-18T21:02:47.519Z] <<< [apiv2][status] GET https://serviceusage.googleapis.com/v1/projects/badbank-auth0/services/cloudfunctions.googleapis.com 200
[debug] [2023-08-18T21:02:47.520Z] <<< [apiv2][body] GET https://serviceusage.googleapis.com/v1/projects/badbank-auth0/services/cloudfunctions.googleapis.com [omitted]
[debug] [2023-08-18T21:02:47.520Z] >>> [apiv2][query] POST https://serviceusage.googleapis.com/v1/projects/badbank-auth0/services/cloudfunctions.googleapis.com:enable [none]
[debug] [2023-08-18T21:02:47.520Z] >>> [apiv2][(partial)header] POST https://serviceusage.googleapis.com/v1/projects/badbank-auth0/services/cloudfunctions.googleapis.com:enable x-goog-quota-user=projects/badbank-auth0
[debug] [2023-08-18T21:02:48.122Z] <<< [apiv2][status] POST https://serviceusage.googleapis.com/v1/projects/badbank-auth0/services/cloudfunctions.googleapis.com:enable 200
[debug] [2023-08-18T21:02:48.122Z] <<< [apiv2][body] POST https://serviceusage.googleapis.com/v1/projects/badbank-auth0/services/cloudfunctions.googleapis.com:enable [omitted]
[debug] [2023-08-18T21:02:58.125Z] >>> [apiv2][query] GET https://serviceusage.googleapis.com/v1/projects/badbank-auth0/services/cloudfunctions.googleapis.com [none]
[debug] [2023-08-18T21:02:58.126Z] >>> [apiv2][(partial)header] GET https://serviceusage.googleapis.com/v1/projects/badbank-auth0/services/cloudfunctions.googleapis.com x-goog-quota-user=projects/badbank-auth0
[debug] [2023-08-18T21:02:58.427Z] <<< [apiv2][status] GET https://serviceusage.googleapis.com/v1/projects/badbank-auth0/services/cloudfunctions.googleapis.com 200
[debug] [2023-08-18T21:02:58.427Z] <<< [apiv2][body] GET https://serviceusage.googleapis.com/v1/projects/badbank-auth0/services/cloudfunctions.googleapis.com [omitted]
[info] Let's create a new codebase for your functions.
[info] A directory corresponding to the codebase will be created in your project
[info] with sample code pre-configured.

[info] See https://firebase.google.com/docs/functions/organize-functions for
[info] more information on organizing your functions using codebases.

[info] Functions can be deployed with firebase deploy.

[info] +  Wrote functions/package.json 
[info] +  Wrote functions/.eslintrc.js 
[info] +  Wrote functions/index.js 
[info] +  Wrote functions/.gitignore 
[info] 
=== Hosting Setup
[info] 
[info] Your public directory is the folder (relative to your project directory) that
[info] will contain Hosting assets to be uploaded with firebase deploy. If you
[info] have a build process for your assets, use your build's output directory.
[info] 
[debug] [2023-08-18T21:03:50.153Z] >>> [apiv2][query] GET https://www.gstatic.com/firebasejs/releases.json [none]
[debug] [2023-08-18T21:03:50.305Z] <<< [apiv2][status] GET https://www.gstatic.com/firebasejs/releases.json 200
[debug] [2023-08-18T21:03:50.305Z] <<< [apiv2][body] GET https://www.gstatic.com/firebasejs/releases.json {"current":{"version":"10.2.0","browserURL":"https://www.gstatic.com/firebasejs/10.2.0/firebase.js","packageURL":"https://www.gstatic.com/firebasejs/10.2.0/firebase.tgz"},"live":{"version":"10.2","browserURL":"https://www.gstatic.com/firebasejs/live/10.2/firebase.js","packageURL":"https://www.gstatic.com/firebasejs/live/10.2/firebase.tgz"},"components":{"analytics":"https://www.gstatic.com/firebasejs/10.2.0/firebase-analytics.js","app":"https://www.gstatic.com/firebasejs/10.2.0/firebase-app.js","app-check":"https://www.gstatic.com/firebasejs/10.2.0/firebase-app-check.js","auth":"https://www.gstatic.com/firebasejs/10.2.0/firebase-auth.js","auth/cordova":"https://www.gstatic.com/firebasejs/10.2.0/firebase-auth/cordova.js","functions":"https://www.gstatic.com/firebasejs/10.2.0/firebase-functions.js","firestore":"https://www.gstatic.com/firebasejs/10.2.0/firebase-firestore.js","firestore/lite":"https://www.gstatic.com/firebasejs/10.2.0/firebase-firestore/lite.js","installations":"https://www.gstatic.com/firebasejs/10.2.0/firebase-installations.js","storage":"https://www.gstatic.com/firebasejs/10.2.0/firebase-storage.js","performance":"https://www.gstatic.com/firebasejs/10.2.0/firebase-performance.js","remote-config":"https://www.gstatic.com/firebasejs/10.2.0/firebase-remote-config.js","messaging":"https://www.gstatic.com/firebasejs/10.2.0/firebase-messaging.js","messaging/sw":"https://www.gstatic.com/firebasejs/10.2.0/firebase-messaging/sw.js","database":"https://www.gstatic.com/firebasejs/10.2.0/firebase-database.js","firestore.memory":"https://www.gstatic.com/firebasejs/10.2.0/firebase-firestore.memory.js"}}
[info] +  Wrote public/index.html 
[info] 
[info] i  Detected a .git folder at C:\Users\aas_8 
[info] i  Authorizing with GitHub to upload your service account to a GitHub repository's secrets store. 
[info] 
[info] Visit this URL on this device to log in:
[info] https://github.com/login/oauth/authorize?client_id=89cf50f02ac6aaed3484&state=727281980&redirect_uri=http%3A%2F%2Flocalhost%3A9005&scope=read%3Auser%20repo%20public_repo
[info] 
[info] Waiting for authentication...
[debug] [2023-08-18T21:03:58.364Z] >>> [apiv2][query] POST https://github.com/login/oauth/access_token [none]
[debug] [2023-08-18T21:03:58.364Z] >>> [apiv2][body] POST https://github.com/login/oauth/access_token [stream]
[debug] [2023-08-18T21:03:58.650Z] <<< [apiv2][status] POST https://github.com/login/oauth/access_token 200
[debug] [2023-08-18T21:03:58.650Z] <<< [apiv2][body] POST https://github.com/login/oauth/access_token {"access_token":"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","token_type":"bearer","scope":"read:user,repo"}
[debug] [2023-08-18T21:03:58.663Z] >>> [apiv2][query] GET https://api.github.com/user [none]
[debug] [2023-08-18T21:03:58.944Z] <<< [apiv2][status] GET https://api.github.com/user 200
[debug] [2023-08-18T21:03:58.944Z] <<< [apiv2][body] GET https://api.github.com/user {"login":"aasmah","id":35153854,"node_id":"MDQ6VXNlcjM1MTUzODU0","avatar_url":"https://avatars.githubusercontent.com/u/35153854?v=4","gravatar_id":"","url":"https://api.github.com/users/aasmah","html_url":"https://github.com/aasmah","followers_url":"https://api.github.com/users/aasmah/followers","following_url":"https://api.github.com/users/aasmah/following{/other_user}","gists_url":"https://api.github.com/users/aasmah/gists{/gist_id}","starred_url":"https://api.github.com/users/aasmah/starred{/owner}{/repo}","subscriptions_url":"https://api.github.com/users/aasmah/subscriptions","organizations_url":"https://api.github.com/users/aasmah/orgs","repos_url":"https://api.github.com/users/aasmah/repos","events_url":"https://api.github.com/users/aasmah/events{/privacy}","received_events_url":"https://api.github.com/users/aasmah/received_events","type":"User","site_admin":false,"name":null,"company":null,"blog":"","location":null,"email":null,"hireable":null,"bio":null,"twitter_username":null,"public_repos":53,"public_gists":0,"followers":2,"following":1,"created_at":"2018-01-05T23:01:28Z","updated_at":"2023-08-11T19:51:08Z","private_gists":0,"total_private_repos":0,"owned_private_repos":0,"disk_usage":50250,"collaborators":0,"two_factor_authentication":false,"plan":{"name":"free","space":976562499,"collaborators":0,"private_repos":10000}}
[info] 
[info] +  Success! Logged into GitHub as aasmah 
[info] 
